<?xml version="1.0" encoding="UTF-8"?>
<!-- Generated by org.testng.reporters.JUnitReportReporter -->
<testsuite skipped="0" hostname="y-tymofieiev-pc" name="com.welcome.LogOut" tests="1" failures="0" timestamp="2020-12-04T16:21:47 EET" time="0.483" errors="0">
  <testcase name="logOutTest" time="0.483" classname="com.welcome.LogOut"/>
  <system-out/>
</testsuite> <!-- com.welcome.LogOut -->
