<?xml version="1.0" encoding="UTF-8"?>
<!-- Generated by org.testng.reporters.JUnitReportReporter -->
<testsuite skipped="0" hostname="y-tymofieiev-pc" name="com.welcome.SuccessLogin" tests="1" failures="0" timestamp="2020-12-04T16:21:47 EET" time="3.031" errors="0">
  <testcase name="loginTest" time="3.031" classname="com.welcome.SuccessLogin"/>
  <system-out/>
</testsuite> <!-- com.welcome.SuccessLogin -->
