<?xml version="1.0" encoding="UTF-8"?>
<!-- Generated by org.testng.reporters.JUnitReportReporter -->
<testsuite skipped="0" hostname="y-tymofieiev-pc" name="com.welcome.FailLogIn" tests="1" failures="0" timestamp="2020-12-08T14:32:06 EET" time="1.367" errors="0">
  <testcase name="errorLoginTest" time="1.367" classname="com.welcome.FailLogIn"/>
  <system-out/>
</testsuite> <!-- com.welcome.FailLogIn -->
