<?xml version="1.0" encoding="UTF-8"?>
<!-- Generated by org.testng.reporters.JUnitReportReporter -->
<testsuite skipped="0" hostname="y-tymofieiev-pc" name="com.welcome.Teyst" tests="1" failures="0" timestamp="2020-12-04T16:03:34 EET" time="3.351" errors="0">
  <testcase name="loginTest" time="3.351" classname="com.welcome.Teyst"/>
  <system-out/>
</testsuite> <!-- com.welcome.Teyst -->
