<?xml version="1.0" encoding="UTF-8"?>
<!-- Generated by org.testng.reporters.JUnitReportReporter -->
<testsuite skipped="0" hostname="y-tymofieiev-pc" name="com.welcome.Medication" tests="1" failures="0" timestamp="2020-12-04T16:21:47 EET" time="13.829" errors="0">
  <testcase name="medicationTest" time="13.829" classname="com.welcome.Medication"/>
  <system-out/>
</testsuite> <!-- com.welcome.Medication -->
